Determining if the pthread_create exist failed with the following output:
Change Dir: /home/capra/Ibex/src/CMakeFiles/CMakeTmp

Run Build Command:/usr/bin/make "cmTryCompileExec349621847/fast"
/usr/bin/make -f CMakeFiles/cmTryCompileExec349621847.dir/build.make CMakeFiles/cmTryCompileExec349621847.dir/build
make[1]: Entering directory `/home/capra/Ibex/src/CMakeFiles/CMakeTmp'
/usr/bin/cmake -E cmake_progress_report /home/capra/Ibex/src/CMakeFiles/CMakeTmp/CMakeFiles 1
Building C object CMakeFiles/cmTryCompileExec349621847.dir/CheckSymbolExists.c.o
/usr/bin/cc    -o CMakeFiles/cmTryCompileExec349621847.dir/CheckSymbolExists.c.o   -c /home/capra/Ibex/src/CMakeFiles/CMakeTmp/CheckSymbolExists.c
Linking C executable cmTryCompileExec349621847
/usr/bin/cmake -E cmake_link_script CMakeFiles/cmTryCompileExec349621847.dir/link.txt --verbose=1
/usr/bin/cc       CMakeFiles/cmTryCompileExec349621847.dir/CheckSymbolExists.c.o  -o cmTryCompileExec349621847 -rdynamic 
CMakeFiles/cmTryCompileExec349621847.dir/CheckSymbolExists.c.o: In function `main':
CheckSymbolExists.c:(.text+0x16): undefined reference to `pthread_create'
collect2: error: ld returned 1 exit status
make[1]: Leaving directory `/home/capra/Ibex/src/CMakeFiles/CMakeTmp'
make[1]: *** [cmTryCompileExec349621847] Error 1
make: *** [cmTryCompileExec349621847/fast] Error 2

File /home/capra/Ibex/src/CMakeFiles/CMakeTmp/CheckSymbolExists.c:
/* */
#include <pthread.h>

int main(int argc, char** argv)
{
  (void)argv;
#ifndef pthread_create
  return ((int*)(&pthread_create))[argc];
#else
  (void)argc;
  return 0;
#endif
}

Determining if the function pthread_create exists in the pthreads failed with the following output:
Change Dir: /home/capra/Ibex/src/CMakeFiles/CMakeTmp

Run Build Command:/usr/bin/make "cmTryCompileExec1235415254/fast"
/usr/bin/make -f CMakeFiles/cmTryCompileExec1235415254.dir/build.make CMakeFiles/cmTryCompileExec1235415254.dir/build
make[1]: Entering directory `/home/capra/Ibex/src/CMakeFiles/CMakeTmp'
/usr/bin/cmake -E cmake_progress_report /home/capra/Ibex/src/CMakeFiles/CMakeTmp/CMakeFiles 1
Building C object CMakeFiles/cmTryCompileExec1235415254.dir/CheckFunctionExists.c.o
/usr/bin/cc   -DCHECK_FUNCTION_EXISTS=pthread_create   -o CMakeFiles/cmTryCompileExec1235415254.dir/CheckFunctionExists.c.o   -c /usr/share/cmake-2.8/Modules/CheckFunctionExists.c
Linking C executable cmTryCompileExec1235415254
/usr/bin/cmake -E cmake_link_script CMakeFiles/cmTryCompileExec1235415254.dir/link.txt --verbose=1
/usr/bin/cc   -DCHECK_FUNCTION_EXISTS=pthread_create    CMakeFiles/cmTryCompileExec1235415254.dir/CheckFunctionExists.c.o  -o cmTryCompileExec1235415254 -rdynamic -lpthreads 
/usr/bin/ld: cannot find -lpthreads
collect2: error: ld returned 1 exit status
make[1]: *** [cmTryCompileExec1235415254] Error 1
make[1]: Leaving directory `/home/capra/Ibex/src/CMakeFiles/CMakeTmp'
make: *** [cmTryCompileExec1235415254/fast] Error 2


